12-02-2024 15:56:20:5620 [31merror[39m: [31mdata and hash arguments required[39m
12-02-2024 16:10:05:105 [31merror[39m: [31mCannot access 'user' before initialization[39m
12-02-2024 16:13:56:1356 [31merror[39m: [31mla valeur pour le domaine domain_password viole la contrainte de vérification « domain_password_check »[39m
12-02-2024 16:14:11:1411 [31merror[39m: [31mla valeur pour le domaine domain_password viole la contrainte de vérification « domain_password_check »[39m
12-02-2024 16:15:35:1535 [31merror[39m: [31mla valeur pour le domaine domain_password viole la contrainte de vérification « domain_password_check »[39m
12-02-2024 16:15:41:1541 [31merror[39m: [31mla valeur pour le domaine domain_password viole la contrainte de vérification « domain_password_check »[39m
12-02-2024 16:16:17:1617 [31merror[39m: [31mla valeur pour le domaine domain_password viole la contrainte de vérification « domain_password_check »[39m
12-02-2024 16:16:44:1644 [31merror[39m: [31mla valeur pour le domaine domain_password viole la contrainte de vérification « domain_password_check »[39m
12-02-2024 16:16:57:1657 [31merror[39m: [31mla valeur pour le domaine domain_password viole la contrainte de vérification « domain_password_check »[39m
12-02-2024 16:17:01:171 [31merror[39m: [31mla valeur pour le domaine domain_password viole la contrainte de vérification « domain_password_check »[39m
12-02-2024 16:26:39:2639 [31merror[39m: [31mla valeur pour le domaine domain_password viole la contrainte de vérification « domain_password_check »[39m
12-02-2024 16:27:06:276 [31merror[39m: [31mdata and hash arguments required[39m
12-02-2024 16:53:00:530 [31merror[39m: [31mla valeur pour le domaine domain_password viole la contrainte de vérification « domain_password_check »[39m
12-02-2024 16:53:59:5359 [31merror[39m: [31mdata and hash arguments required[39m
13-02-2024 09:30:15:3015 [31merror[39m: [31mdata and hash arguments required[39m
13-02-2024 09:32:45:3245 [31merror[39m: [31mdata and hash arguments required[39m
13-02-2024 09:32:46:3246 [31merror[39m: [31mdata and hash arguments required[39m
13-02-2024 09:32:47:3247 [31merror[39m: [31mdata and hash arguments required[39m
13-02-2024 09:32:48:3248 [31merror[39m: [31mdata and hash arguments required[39m
13-02-2024 09:32:49:3249 [31merror[39m: [31mdata and hash arguments required[39m
13-02-2024 09:32:50:3250 [31merror[39m: [31mdata and hash arguments required[39m
13-02-2024 09:33:29:3329 [31merror[39m: [31mIdentifiants incorrects[39m
13-02-2024 09:34:02:342 [31merror[39m: [31mIdentifiants incorrects[39m
13-02-2024 10:33:55:3355 [31merror[39m: [31msyntaxe en entrée invalide pour le type integer : « {"id":"1"} »[39m
13-02-2024 10:46:12:4612 [31merror[39m: [31mstoryDataMapper is not defined[39m
13-02-2024 11:48:52:4852 [31merror[39m: [31mLe mot de passe doit contenir au moins 8 caractères, dont une majuscule et minuscule, 1 chiffre et 1 caractère spécial.[39m
13-02-2024 11:49:04:494 [31merror[39m: [31mla valeur d'une clé dupliquée rompt la contrainte unique « user_email_key »[39m
13-02-2024 14:05:27:527 error: Le mot de passe doit contenir au moins 8 caractères, dont une majuscule et minuscule, 1 chiffre et 1 caractère spécial.
13-02-2024 14:10:00:100 [31merror[39m: [31mLe mot de passe doit contenir au moins 8 caractères, dont une majuscule et minuscule, 1 chiffre et 1 caractère spécial.[39m
13-02-2024 14:11:21:1121 error: Le mot de passe doit contenir au moins 8 caractères, dont une majuscule et minuscule, 1 chiffre et 1 caractère spécial.
13-02-2024 14:16:03:163 error: Le mot de passe doit contenir au moins 8 caractères, dont une majuscule et minuscule, 1 chiffre et 1 caractère spécial.
13-02-2024 19:34:14:3414 error: Le mot de passe doit contenir au moins 8 caractères, dont une majuscule et minuscule, 1 chiffre et 1 caractère spécial.
13-02-2024 19:36:33:3633 error: Identifiants incorrects.
13-02-2024 19:36:55:3655 error: Le mot de passe doit contenir au moins 8 caractères, dont une majuscule et minuscule, 1 chiffre et 1 caractère spécial.
13-02-2024 19:37:38:3738 error: Le mot de passe doit contenir au moins 8 caractères, dont une majuscule et minuscule, 1 chiffre et 1 caractère spécial.
13-02-2024 19:42:55:4255 error: Le mot de passe doit contenir au moins 8 caractères, dont une majuscule et minuscule, 1 chiffre et 1 caractère spécial.
13-02-2024 19:44:11:4411 error: Le mot de passe doit contenir au moins 8 caractères, dont une majuscule et minuscule, 1 chiffre et 1 caractère spécial.
13-02-2024 19:45:25:4525 error: Le mot de passe doit contenir au moins 8 caractères, dont une majuscule et minuscule, 1 chiffre et 1 caractère spécial.
13-02-2024 19:47:37:4737 error: Le mot de passe doit contenir au moins 8 caractères, dont une majuscule et minuscule, 1 chiffre et 1 caractère spécial.
13-02-2024 19:48:06:486 error: Identifiants incorrects.
13-02-2024 19:52:37:5237 error: Identifiants incorrects.
